<?xml version="1.0" encoding="UTF-8"?>
<testng-results ignored="0" total="2" passed="2" failed="0" skipped="0">
  <reporter-output>
  </reporter-output>
  <suite started-at="2022-03-06T23:12:04 IST" name="Suite" finished-at="2022-03-06T23:12:25 IST" duration-ms="21372">
    <groups>
      <group name="element">
        <method signature="GroupingPro.chrome()[pri:0, instance:Maven.TestNg.GroupingPro@5d7148e2]" name="chrome" class="Maven.TestNg.GroupingPro"/>
        <method signature="GroupingPro.filp()[pri:0, instance:Maven.TestNg.GroupingPro@5d7148e2]" name="filp" class="Maven.TestNg.GroupingPro"/>
      </group> <!-- element -->
    </groups>
    <test started-at="2022-03-06T23:12:04 IST" name="Test" finished-at="2022-03-06T23:12:25 IST" duration-ms="21372">
      <class name="Maven.TestNg.GroupingPro">
        <test-method signature="chrome()[pri:0, instance:Maven.TestNg.GroupingPro@5d7148e2]" started-at="2022-03-06T23:12:04 IST" name="chrome" finished-at="2022-03-06T23:12:17 IST" duration-ms="12540" status="PASS">
          <reporter-output>
          </reporter-output>
        </test-method> <!-- chrome -->
        <test-method signature="filp()[pri:0, instance:Maven.TestNg.GroupingPro@5d7148e2]" started-at="2022-03-06T23:12:17 IST" name="filp" finished-at="2022-03-06T23:12:25 IST" duration-ms="8537" status="PASS">
          <reporter-output>
          </reporter-output>
        </test-method> <!-- filp -->
      </class> <!-- Maven.TestNg.GroupingPro -->
    </test> <!-- Test -->
  </suite> <!-- Suite -->
</testng-results>
